<?xml version="1.0" encoding="UTF-8"?>
<!-- Generated by org.testng.reporters.JUnitXMLReporter -->
<testsuite hostname="DESKTOP-MMSR92P" failures="0" tests="6" name="Test2" time="12.571" errors="0" timestamp="6 Mar 2025 06:55:12 GMT">
  <testcase classname="com.comcast.crm.allcontactTest.CreatecontactTest" name="@BeforeMethod loginpage" time="0.0">
    <failure type="org.openqa.selenium.NoSuchSessionException" message="WebDriver session does not exist, or is not active
Build info: version: &amp;apos;4.12.0&amp;apos;, revision: &amp;apos;249f2a7d1b*&amp;apos;
System info: os.name: &amp;apos;Windows 10&amp;apos;, os.arch: &amp;apos;amd64&amp;apos;, os.version: &amp;apos;10.0&amp;apos;, java.version: &amp;apos;17.0.5&amp;apos;
Driver info: org.openqa.selenium.firefox.FirefoxDriver
Command: [555cecca-339b-483f-a5b1-c4ae62cf9947, findElement {using=name, value=user_name}]
Capabilities {acceptInsecureCerts: true, browserName: firefox, browserVersion: 136.0, moz:accessibilityChecks: false, moz:buildID: 20250227124745, moz:geckodriverVersion: 0.36.0, moz:headless: false, moz:platformVersion: 10.0, moz:processID: 47496, moz:profile: C:\Users\SOMU\AppData\Local..., moz:shutdownTimeout: 60000, moz:webdriverClick: true, moz:windowless: false, pageLoadStrategy: normal, platformName: windows, proxy: Proxy(), setWindowRect: true, strictFileInteractability: false, timeouts: {implicit: 0, pageLoad: 300000, script: 30000}, unhandledPromptBehavior: dismiss and notify, userAgent: Mozilla/5.0 (Windows NT 10....}
Session ID: 555cecca-339b-483f-a5b1-c4ae62cf9947">
      <![CDATA[org.openqa.selenium.NoSuchSessionException: WebDriver session does not exist, or is not active
Build info: version: '4.12.0', revision: '249f2a7d1b*'
System info: os.name: 'Windows 10', os.arch: 'amd64', os.version: '10.0', java.version: '17.0.5'
Driver info: org.openqa.selenium.firefox.FirefoxDriver
Command: [555cecca-339b-483f-a5b1-c4ae62cf9947, findElement {using=name, value=user_name}]
Capabilities {acceptInsecureCerts: true, browserName: firefox, browserVersion: 136.0, moz:accessibilityChecks: false, moz:buildID: 20250227124745, moz:geckodriverVersion: 0.36.0, moz:headless: false, moz:platformVersion: 10.0, moz:processID: 47496, moz:profile: C:\Users\SOMU\AppData\Local..., moz:shutdownTimeout: 60000, moz:webdriverClick: true, moz:windowless: false, pageLoadStrategy: normal, platformName: windows, proxy: Proxy(), setWindowRect: true, strictFileInteractability: false, timeouts: {implicit: 0, pageLoad: 300000, script: 30000}, unhandledPromptBehavior: dismiss and notify, userAgent: Mozilla/5.0 (Windows NT 10....}
Session ID: 555cecca-339b-483f-a5b1-c4ae62cf9947
	at org.openqa.selenium.remote.codec.w3c.W3CHttpResponseCodec.createException(W3CHttpResponseCodec.java:200)
	at org.openqa.selenium.remote.codec.w3c.W3CHttpResponseCodec.decode(W3CHttpResponseCodec.java:133)
	at org.openqa.selenium.remote.codec.w3c.W3CHttpResponseCodec.decode(W3CHttpResponseCodec.java:52)
	at org.openqa.selenium.remote.HttpCommandExecutor.execute(HttpCommandExecutor.java:191)
	at org.openqa.selenium.remote.service.DriverCommandExecutor.invokeExecute(DriverCommandExecutor.java:196)
	at org.openqa.selenium.remote.service.DriverCommandExecutor.execute(DriverCommandExecutor.java:171)
	at org.openqa.selenium.remote.RemoteWebDriver.execute(RemoteWebDriver.java:602)
	at org.openqa.selenium.remote.ElementLocation$ElementFinder$2.findElement(ElementLocation.java:165)
	at org.openqa.selenium.remote.ElementLocation.findElement(ElementLocation.java:66)
	at org.openqa.selenium.remote.RemoteWebDriver.findElement(RemoteWebDriver.java:359)
	at org.openqa.selenium.remote.RemoteWebDriver.findElement(RemoteWebDriver.java:353)
	at org.openqa.selenium.support.pagefactory.DefaultElementLocator.findElement(DefaultElementLocator.java:68)
	at org.openqa.selenium.support.pagefactory.internal.LocatingElementHandler.invoke(LocatingElementHandler.java:38)
	at jdk.proxy2/jdk.proxy2.$Proxy22.sendKeys(Unknown Source)
	at com.comcast.crm.ORutility.Loginpage.loginToApp(Loginpage.java:60)
	at com.comcast.crm.BASEclassUtility.Baseclass.loginpage(Baseclass.java:81)
	at java.base/java.util.concurrent.FutureTask.run(FutureTask.java:264)
	at java.base/java.util.concurrent.ThreadPoolExecutor.runWorker(ThreadPoolExecutor.java:1136)
	at java.base/java.util.concurrent.ThreadPoolExecutor$Worker.run(ThreadPoolExecutor.java:635)
	at java.base/java.lang.Thread.run(Thread.java:833)
... Removed 23 stack frames]]>
    </failure>
  </testcase> <!-- @BeforeMethod loginpage -->
  <testcase classname="com.comcast.crm.allcontactTest.CreatecontactTest" name="@AfterMethod aftermethod" time="0.0">
    <skipped/>
  </testcase> <!-- @AfterMethod aftermethod -->
  <testcase classname="com.comcast.crm.allcontactTest.CreatecontactTest" name="@BeforeMethod loginpage" time="0.0">
    <skipped/>
  </testcase> <!-- @BeforeMethod loginpage -->
  <testcase classname="com.comcast.crm.allcontactTest.CreatecontactTest" name="@AfterMethod aftermethod" time="0.0">
    <skipped/>
  </testcase> <!-- @AfterMethod aftermethod -->
  <testcase classname="com.comcast.crm.allcontactTest.CreatecontactTest" name="@BeforeMethod loginpage" time="0.0">
    <skipped/>
  </testcase> <!-- @BeforeMethod loginpage -->
  <testcase classname="com.comcast.crm.allcontactTest.CreatecontactTest" name="@AfterMethod aftermethod" time="0.0">
    <skipped/>
  </testcase> <!-- @AfterMethod aftermethod -->
  <testcase classname="com.comcast.crm.allcontactTest.CreatecontactTest" name="@AfterClass afterclass" time="0.0">
    <skipped/>
  </testcase> <!-- @AfterClass afterclass -->
  <testcase classname="com.comcast.crm.ALLorgTest.CreateOrgTest" name="@BeforeClass beforeclass" time="0.0">
    <skipped/>
  </testcase> <!-- @BeforeClass beforeclass -->
  <testcase classname="com.comcast.crm.ALLorgTest.CreateOrgTest" name="@BeforeMethod loginpage" time="0.0">
    <skipped/>
  </testcase> <!-- @BeforeMethod loginpage -->
  <testcase classname="com.comcast.crm.ALLorgTest.CreateOrgTest" name="@AfterMethod aftermethod" time="0.0">
    <skipped/>
  </testcase> <!-- @AfterMethod aftermethod -->
  <testcase classname="com.comcast.crm.ALLorgTest.CreateOrgTest" name="@BeforeMethod loginpage" time="0.0">
    <skipped/>
  </testcase> <!-- @BeforeMethod loginpage -->
  <testcase classname="com.comcast.crm.ALLorgTest.CreateOrgTest" name="@AfterMethod aftermethod" time="0.0">
    <skipped/>
  </testcase> <!-- @AfterMethod aftermethod -->
  <testcase classname="com.comcast.crm.ALLorgTest.CreateOrgTest" name="@BeforeMethod loginpage" time="0.0">
    <skipped/>
  </testcase> <!-- @BeforeMethod loginpage -->
  <testcase classname="com.comcast.crm.ALLorgTest.CreateOrgTest" name="@AfterMethod aftermethod" time="0.0">
    <skipped/>
  </testcase> <!-- @AfterMethod aftermethod -->
  <testcase classname="com.comcast.crm.ALLorgTest.CreateOrgTest" name="@AfterClass afterclass" time="0.0">
    <skipped/>
  </testcase> <!-- @AfterClass afterclass -->
  <testcase classname="com.comcast.crm.allcontactTest.CreatecontactTest" name="@AfterTest aftertest" time="0.0">
    <skipped/>
  </testcase> <!-- @AfterTest aftertest -->
  <testcase classname="com.comcast.crm.allcontactTest.CreatecontactTest" name="createContact" time="0.002">
    <skipped/>
  </testcase> <!-- createContact -->
  <testcase classname="com.comcast.crm.allcontactTest.CreatecontactTest" name="createContactwithOrgTest" time="0.001">
    <skipped/>
  </testcase> <!-- createContactwithOrgTest -->
  <testcase classname="com.comcast.crm.allcontactTest.CreatecontactTest" name="createContactwithsupportdateTest" time="0.001">
    <skipped/>
  </testcase> <!-- createContactwithsupportdateTest -->
  <testcase classname="com.comcast.crm.ALLorgTest.CreateOrgTest" name="OrgTest" time="0.001">
    <skipped/>
  </testcase> <!-- OrgTest -->
  <testcase classname="com.comcast.crm.ALLorgTest.CreateOrgTest" name="OrgwithIndustry" time="0.001">
    <skipped/>
  </testcase> <!-- OrgwithIndustry -->
  <testcase classname="com.comcast.crm.ALLorgTest.CreateOrgTest" name="OrgwithPhoneNum" time="0.001">
    <skipped/>
  </testcase> <!-- OrgwithPhoneNum -->
</testsuite> <!-- Test2 -->
