<?xml version="1.0" encoding="UTF-8"?>
<!-- Generated by org.testng.reporters.JUnitXMLReporter -->
<testsuite hostname="DESKTOP-MMSR92P" failures="0" tests="3" name="Test1" time="14.633" errors="0" timestamp="10 Mar 2025 07:26:19 GMT">
  <testcase classname="com.comcast.crm.ALL_org_contactTEST.CreatecontactTest" name="@BeforeClass beforeclass" time="0.0">
    <failure type="org.openqa.selenium.remote.NoSuchDriverException" message="Unable to obtain: Capabilities {browserName: chrome, goog:chromeOptions: {args: [--remote-allow-origins=*], extensions: []}}, error Command failed with code: 65, executed: [--browser, chrome, --output, json]
error sending request for url (https://googlechromelabs.github.io/chrome-for-testing/known-good-versions-with-downloads.json): error trying to connect: dns error: This is usually a temporary error during hostname resolution and means that the local server did not receive a response from an authoritative server. (os error 11002)
Build info: version: &amp;apos;4.12.0&amp;apos;, revision: &amp;apos;249f2a7d1b*&amp;apos;
System info: os.name: &amp;apos;Windows 10&amp;apos;, os.arch: &amp;apos;amd64&amp;apos;, os.version: &amp;apos;10.0&amp;apos;, java.version: &amp;apos;17.0.5&amp;apos;
Driver info: driver.version: ChromeDriver">
      <![CDATA[org.openqa.selenium.remote.NoSuchDriverException: Unable to obtain: Capabilities {browserName: chrome, goog:chromeOptions: {args: [--remote-allow-origins=*], extensions: []}}, error Command failed with code: 65, executed: [--browser, chrome, --output, json]
error sending request for url (https://googlechromelabs.github.io/chrome-for-testing/known-good-versions-with-downloads.json): error trying to connect: dns error: This is usually a temporary error during hostname resolution and means that the local server did not receive a response from an authoritative server. (os error 11002)
Build info: version: '4.12.0', revision: '249f2a7d1b*'
System info: os.name: 'Windows 10', os.arch: 'amd64', os.version: '10.0', java.version: '17.0.5'
Driver info: driver.version: ChromeDriver
	at org.openqa.selenium.remote.service.DriverFinder.getPath(DriverFinder.java:25)
	at org.openqa.selenium.remote.service.DriverFinder.getPath(DriverFinder.java:13)
	at org.openqa.selenium.chrome.ChromeDriver.generateExecutor(ChromeDriver.java:99)
	at org.openqa.selenium.chrome.ChromeDriver.<init>(ChromeDriver.java:88)
	at org.openqa.selenium.chrome.ChromeDriver.<init>(ChromeDriver.java:83)
	at org.openqa.selenium.chrome.ChromeDriver.<init>(ChromeDriver.java:51)
	at com.comcast.crm.BASEclassUtility.Baseclass.beforeclass(Baseclass.java:62)
	at java.base/java.util.concurrent.FutureTask.run(FutureTask.java:264)
	at java.base/java.util.concurrent.ThreadPoolExecutor.runWorker(ThreadPoolExecutor.java:1136)
	at java.base/java.util.concurrent.ThreadPoolExecutor$Worker.run(ThreadPoolExecutor.java:635)
	at java.base/java.lang.Thread.run(Thread.java:833)
Caused by: org.openqa.selenium.WebDriverException: Command failed with code: 65, executed: [--browser, chrome, --output, json]
error sending request for url (https://googlechromelabs.github.io/chrome-for-testing/known-good-versions-with-downloads.json): error trying to connect: dns error: This is usually a temporary error during hostname resolution and means that the local server did not receive a response from an authoritative server. (os error 11002)
Build info: version: '4.12.0', revision: '249f2a7d1b*'
System info: os.name: 'Windows 10', os.arch: 'amd64', os.version: '10.0', java.version: '17.0.5'
Driver info: driver.version: ChromeDriver
	at org.openqa.selenium.manager.SeleniumManager.runCommand(SeleniumManager.java:138)
	at org.openqa.selenium.manager.SeleniumManager.getDriverPath(SeleniumManager.java:289)
	at org.openqa.selenium.remote.service.DriverFinder.getPath(DriverFinder.java:22)
	... 26 more
... Removed 16 stack frames]]>
    </failure>
  </testcase> <!-- @BeforeClass beforeclass -->
  <testcase classname="com.comcast.crm.ALL_org_contactTEST.CreatecontactTest" name="@BeforeMethod loginpage" time="0.0">
    <skipped/>
  </testcase> <!-- @BeforeMethod loginpage -->
  <testcase classname="com.comcast.crm.ALL_org_contactTEST.CreatecontactTest" name="@AfterMethod aftermethod" time="0.0">
    <skipped/>
  </testcase> <!-- @AfterMethod aftermethod -->
  <testcase classname="com.comcast.crm.ALL_org_contactTEST.CreatecontactTest" name="@BeforeMethod loginpage" time="0.0">
    <skipped/>
  </testcase> <!-- @BeforeMethod loginpage -->
  <testcase classname="com.comcast.crm.ALL_org_contactTEST.CreatecontactTest" name="@AfterMethod aftermethod" time="0.0">
    <skipped/>
  </testcase> <!-- @AfterMethod aftermethod -->
  <testcase classname="com.comcast.crm.ALL_org_contactTEST.CreatecontactTest" name="@BeforeMethod loginpage" time="0.0">
    <skipped/>
  </testcase> <!-- @BeforeMethod loginpage -->
  <testcase classname="com.comcast.crm.ALL_org_contactTEST.CreatecontactTest" name="@AfterMethod aftermethod" time="0.0">
    <skipped/>
  </testcase> <!-- @AfterMethod aftermethod -->
  <testcase classname="com.comcast.crm.ALL_org_contactTEST.CreatecontactTest" name="@AfterClass afterclass" time="0.0">
    <skipped/>
  </testcase> <!-- @AfterClass afterclass -->
  <testcase classname="com.comcast.crm.ALL_org_contactTEST.CreatecontactTest" name="@AfterTest aftertest" time="0.0">
    <skipped/>
  </testcase> <!-- @AfterTest aftertest -->
  <testcase classname="com.comcast.crm.ALL_org_contactTEST.CreatecontactTest" name="createContact" time="0.001">
    <skipped/>
  </testcase> <!-- createContact -->
  <testcase classname="com.comcast.crm.ALL_org_contactTEST.CreatecontactTest" name="createContactwithOrgTest" time="0.002">
    <skipped/>
  </testcase> <!-- createContactwithOrgTest -->
  <testcase classname="com.comcast.crm.ALL_org_contactTEST.CreatecontactTest" name="createContactwithsupportdateTest" time="0.007">
    <skipped/>
  </testcase> <!-- createContactwithsupportdateTest -->
</testsuite> <!-- Test1 -->
